[debug] [2021-07-29T02:52:32.442Z] ----------------------------------------------------------------------
[debug] [2021-07-29T02:52:32.444Z] Command:       C:\Program Files\nodejs\node.exe C:\Users\prate\AppData\Roaming\npm\node_modules\firebase-tools\lib\bin\firebase.js init
[debug] [2021-07-29T02:52:32.444Z] CLI Version:   9.16.0
[debug] [2021-07-29T02:52:32.444Z] Platform:      win32
[debug] [2021-07-29T02:52:32.444Z] Node Version:  v10.21.0
[debug] [2021-07-29T02:52:32.445Z] Time:          Thu Jul 29 2021 08:22:32 GMT+0530 (India Standard Time)
[debug] [2021-07-29T02:52:32.445Z] ----------------------------------------------------------------------
[debug] 
[debug] [2021-07-29T02:52:32.453Z] > command requires scopes: ["email","openid","https://www.googleapis.com/auth/cloudplatformprojects.readonly","https://www.googleapis.com/auth/firebase","https://www.googleapis.com/auth/cloud-platform"]
[debug] [2021-07-29T02:52:32.453Z] > authorizing via signed-in user (mandiatdoorstep@gmail.com)
[info] 
     ######## #### ########  ######## ########     ###     ######  ########
     ##        ##  ##     ## ##       ##     ##  ##   ##  ##       ##
     ######    ##  ########  ######   ########  #########  ######  ######
     ##        ##  ##    ##  ##       ##     ## ##     ##       ## ##
     ##       #### ##     ## ######## ########  ##     ##  ######  ########

You're about to initialize a Firebase project in this directory:

  D:\VSCODE\MandiAtDoor

[info] 
=== Project Setup
[info] 
[info] First, let's associate this project directory with a Firebase project.
[info] You can create multiple project aliases by running firebase use --add, 
[info] but for now we'll just set up a default project.
[info] 
